Get:2 http://archive.ubuntu.com/ubuntu noble InRelease [256 kB]
Get:3 http://security.ubuntu.com/ubuntu noble-security InRelease [126 kB]
Get:1 https://apt.llvm.org/noble llvm-toolchain-noble-19 InRelease [5554 B]
Get:4 https://apt.llvm.org/noble llvm-toolchain-noble-19/main amd64 Packages [12.7 kB]
Get:5 http://archive.ubuntu.com/ubuntu noble-updates InRelease [126 kB]
Get:6 http://security.ubuntu.com/ubuntu noble-security/universe amd64 Packages [1110 kB]
Get:7 http://archive.ubuntu.com/ubuntu noble-backports InRelease [126 kB]
Get:8 http://archive.ubuntu.com/ubuntu noble/main amd64 Packages [1808 kB]
Get:9 http://security.ubuntu.com/ubuntu noble-security/multiverse amd64 Packages [22.1 kB]
Get:10 http://security.ubuntu.com/ubuntu noble-security/restricted amd64 Packages [1536 kB]
Get:11 http://archive.ubuntu.com/ubuntu noble/multiverse amd64 Packages [331 kB]
Get:12 http://archive.ubuntu.com/ubuntu noble/universe amd64 Packages [19.3 MB]
Get:13 http://security.ubuntu.com/ubuntu noble-security/main amd64 Packages [1146 kB]
Get:14 http://archive.ubuntu.com/ubuntu noble/restricted amd64 Packages [117 kB]
Get:15 http://archive.ubuntu.com/ubuntu noble-updates/main amd64 Packages [1469 kB]
Get:16 http://archive.ubuntu.com/ubuntu noble-updates/multiverse amd64 Packages [27.2 kB]
Get:17 http://archive.ubuntu.com/ubuntu noble-updates/restricted amd64 Packages [1594 kB]
Get:18 http://archive.ubuntu.com/ubuntu noble-updates/universe amd64 Packages [1417 kB]
Get:19 http://archive.ubuntu.com/ubuntu noble-backports/universe amd64 Packages [31.8 kB]
Get:20 http://archive.ubuntu.com/ubuntu noble-backports/main amd64 Packages [48.0 kB]
Fetched 30.6 MB in 2s (16.7 MB/s)
Reading package lists...
